f:\graduate 4th semester\colorcode\colorcode\x64\debug\vc140.pdb
f:\graduate 4th semester\colorcode\colorcode\x64\debug\vc140.idb
f:\graduate 4th semester\colorcode\colorcode\x64\debug\json_reader.obj
f:\graduate 4th semester\colorcode\colorcode\x64\debug\json_value.obj
f:\graduate 4th semester\colorcode\colorcode\x64\debug\json_writer.obj
f:\graduate 4th semester\colorcode\colorcode\x64\debug\collision.obj
f:\graduate 4th semester\colorcode\colorcode\x64\debug\gameobject.obj
f:\graduate 4th semester\colorcode\colorcode\x64\debug\gpu_code.obj
f:\graduate 4th semester\colorcode\colorcode\x64\debug\main.obj
f:\graduate 4th semester\colorcode\colorcode\x64\debug\physicsbody.obj
f:\graduate 4th semester\colorcode\colorcode\x64\debug\sprite.obj
f:\graduate 4th semester\colorcode\colorcode\x64\debug\colorcode.ilk
f:\graduate 4th semester\colorcode\colorcode\x64\debug\colorcode.exe
f:\graduate 4th semester\colorcode\colorcode\x64\debug\colorcode.pdb
f:\graduate 4th semester\colorcode\colorcode\x64\debug\colorcode.tlog\cl.command.1.tlog
f:\graduate 4th semester\colorcode\colorcode\x64\debug\colorcode.tlog\cl.read.1.tlog
f:\graduate 4th semester\colorcode\colorcode\x64\debug\colorcode.tlog\cl.write.1.tlog
f:\graduate 4th semester\colorcode\colorcode\x64\debug\colorcode.tlog\link.command.1.tlog
f:\graduate 4th semester\colorcode\colorcode\x64\debug\colorcode.tlog\link.read.1.tlog
f:\graduate 4th semester\colorcode\colorcode\x64\debug\colorcode.tlog\link.write.1.tlog
