Build started 5/19/2017 12:45:36 PM.
     1>Project "F:\Graduate 4th semester\Colorcode\colorcode\ColorCode.vcxproj" on node 2 (Build target(s)).
     1>ClCompile:
         D:\Program Files\Microsoft Visual Studio 14.0\VC\bin\x86_amd64\CL.exe /c /ZI /nologo /W3 /WX- /sdl /Od /D _CRT_SECURE_NO_WARNINGS /D _DEBUG /D _CONSOLE /D _UNICODE /D UNICODE /Gm /EHsc /RTC1 /MDd /GS /fp:precise /Zc:wchar_t /Zc:forScope /Zc:inline /Fo"x64\Debug\\" /Fd"x64\Debug\vc140.pdb" /Gd /TP /errorReport:prompt lib\json_reader.cpp lib\json_value.cpp lib\json_writer.cpp src\Collision.cpp src\GameObject.cpp src\gpu_code.cpp src\main.cpp src\PhysicsBody.cpp src\Sprite.cpp
         Sprite.cpp
         PhysicsBody.cpp
         main.cpp
     1>f:\graduate 4th semester\colorcode\colorcode\src\main.cpp(67): warning C4101: 'big1': unreferenced local variable
         gpu_code.cpp
     1>f:\graduate 4th semester\colorcode\colorcode\src\gpu_code.cpp(70): warning C4838: conversion from 'double' to 'float' requires a narrowing conversion
     1>f:\graduate 4th semester\colorcode\colorcode\src\gpu_code.cpp(70): warning C4305: 'initializing': truncation from 'double' to 'float'
         GameObject.cpp
         json_writer.cpp
         json_value.cpp
         json_reader.cpp
         Generating Code...
         Compiling...
         Collision.cpp
         Generating Code...
       Link:
         D:\Program Files\Microsoft Visual Studio 14.0\VC\bin\x86_amd64\link.exe /ERRORREPORT:PROMPT /OUT:"F:\Graduate 4th semester\Colorcode\colorcode\x64\Debug\ColorCode.exe" /INCREMENTAL /NOLOGO freeglut.lib glew32.lib kernel32.lib user32.lib gdi32.lib winspool.lib comdlg32.lib advapi32.lib shell32.lib ole32.lib oleaut32.lib uuid.lib odbc32.lib odbccp32.lib kernel32.lib user32.lib gdi32.lib winspool.lib comdlg32.lib advapi32.lib shell32.lib ole32.lib oleaut32.lib uuid.lib odbc32.lib odbccp32.lib /MANIFEST /MANIFESTUAC:"level='asInvoker' uiAccess='false'" /manifest:embed /Debug /PDB:"F:\Graduate 4th semester\Colorcode\colorcode\x64\Debug\ColorCode.pdb" /SUBSYSTEM:CONSOLE /TLBID:1 /DYNAMICBASE /NXCOMPAT /IMPLIB:"F:\Graduate 4th semester\Colorcode\colorcode\x64\Debug\ColorCode.lib" /MACHINE:X64 x64\Debug\json_reader.obj
         x64\Debug\json_value.obj
         x64\Debug\json_writer.obj
         x64\Debug\Collision.obj
         x64\Debug\GameObject.obj
         x64\Debug\gpu_code.obj
         x64\Debug\main.obj
         x64\Debug\PhysicsBody.obj
         x64\Debug\Sprite.obj
         ColorCode.vcxproj -> F:\Graduate 4th semester\Colorcode\colorcode\x64\Debug\ColorCode.exe
     1>Done Building Project "F:\Graduate 4th semester\Colorcode\colorcode\ColorCode.vcxproj" (Build target(s)).

Build succeeded.

Time Elapsed 00:00:10.41
