  gpu_code.cpp
gpu_code.obj : error LNK2001: unresolved external symbol ___glewEnableVertexAttribArray
gpu_code.obj : error LNK2001: unresolved external symbol ___glewUseProgram
gpu_code.obj : error LNK2001: unresolved external symbol ___glewVertexAttribPointer
gpu_code.obj : error LNK2001: unresolved external symbol ___glewGetShaderiv
gpu_code.obj : error LNK2001: unresolved external symbol ___glewCompileShader
gpu_code.obj : error LNK2001: unresolved external symbol ___glewCreateShader
gpu_code.obj : error LNK2001: unresolved external symbol ___glewBindBuffer
gpu_code.obj : error LNK2001: unresolved external symbol ___glewCreateProgram
gpu_code.obj : error LNK2001: unresolved external symbol ___glewFramebufferTexture
gpu_code.obj : error LNK2001: unresolved external symbol ___glewGetShaderInfoLog
gpu_code.obj : error LNK2001: unresolved external symbol ___glewValidateProgram
gpu_code.obj : error LNK2001: unresolved external symbol ___glewGetProgramiv
gpu_code.obj : error LNK2001: unresolved external symbol _glewGetErrorString
gpu_code.obj : error LNK2001: unresolved external symbol ___glewBufferData
gpu_code.obj : error LNK2001: unresolved external symbol ___glewAttachShader
gpu_code.obj : error LNK2001: unresolved external symbol ___glewActiveTexture
gpu_code.obj : error LNK2001: unresolved external symbol ___glewDeleteProgram
gpu_code.obj : error LNK2001: unresolved external symbol ___glewShaderSource
gpu_code.obj : error LNK2001: unresolved external symbol ___glewRenderbufferStorage
gpu_code.obj : error LNK2001: unresolved external symbol ___glewDeleteRenderbuffers
gpu_code.obj : error LNK2001: unresolved external symbol ___glewDeleteFramebuffers
gpu_code.obj : error LNK2001: unresolved external symbol ___glewFramebufferRenderbuffer
gpu_code.obj : error LNK2001: unresolved external symbol ___glewGenFramebuffers
gpu_code.obj : error LNK2001: unresolved external symbol ___glewDisableVertexAttribArray
gpu_code.obj : error LNK2001: unresolved external symbol ___glewBindRenderbuffer
gpu_code.obj : error LNK2001: unresolved external symbol ___glewBindFramebuffer
gpu_code.obj : error LNK2001: unresolved external symbol ___glewGenRenderbuffers
gpu_code.obj : error LNK2001: unresolved external symbol ___glewGetProgramInfoLog
gpu_code.obj : error LNK2001: unresolved external symbol ___glewGenBuffers
gpu_code.obj : error LNK2001: unresolved external symbol ___glewLinkProgram
gpu_code.obj : error LNK2001: unresolved external symbol _glewInit
C:\Users\hw\Documents\code\ColorCode\ColorCode\Release\ColorCode.exe : fatal error LNK1120: 31 unresolved externals
